<?xml version="1.0" encoding="UTF-8"?>
<testng-results ignored="0" total="1" passed="1" failed="0" skipped="0">
  <reporter-output>
  </reporter-output>
  <suite started-at="2022-02-21T09:33:30 IST" name="Default suite" finished-at="2022-02-21T09:33:49 IST" duration-ms="18920">
    <groups>
    </groups>
    <test started-at="2022-02-21T09:33:30 IST" name="Default test" finished-at="2022-02-21T09:33:49 IST" duration-ms="18920">
      <class name="Selenium.Tooltip">
        <test-method signature="tooptip()[pri:0, instance:Selenium.Tooltip@4738a206]" started-at="2022-02-21T09:33:30 IST" name="tooptip" finished-at="2022-02-21T09:33:49 IST" duration-ms="18805" status="PASS">
          <reporter-output>
          </reporter-output>
        </test-method> <!-- tooptip -->
      </class> <!-- Selenium.Tooltip -->
    </test> <!-- Default test -->
  </suite> <!-- Default suite -->
</testng-results>
