<?xml version="1.0" encoding="UTF-8"?>
<!-- Generated by org.testng.reporters.JUnitXMLReporter -->
<testsuite ignored="0" hostname="DESKTOP-R3MPQ3E" failures="1" tests="1" name="Test" time="0.033" errors="0" timestamp="16 Feb 2022 07:05:51 GMT">
  <testcase classname="TestScript.TC_32Pokerbaazi" name="Pokerbaazi" time="0.0">
    <failure type="org.testng.TestNGException" message="
Cannot inject @Test annotated Method [Pokerbaazi] with [class java.lang.String].
For more information on native dependency injection please refer to http://testng.org/doc/documentation-main.html#native-dependency-injection">
      <![CDATA[org.testng.TestNGException: 
Cannot inject @Test annotated Method [Pokerbaazi] with [class java.lang.String].
For more information on native dependency injection please refer to http://testng.org/doc/documentation-main.html#native-dependency-injection
... Removed 24 stack frames]]>
    </failure>
  </testcase> <!-- Pokerbaazi -->
</testsuite> <!-- Test -->
